android-app/app/build/outputs/mapping/release/seeds.txt
com.shirurexpress.app.MainActivity$checkGpsEnabled$1
com.shirurexpress.app.SplashActivity$Companion
com.shirurexpress.app.R$style
com.shirurexpress.app.databinding.ActivityIncomingOrderBinding
com.shirurexpress.app.MainActivity$setupWebView$3
com.shirurexpress.app.R$mipmap
com.shirurexpress.app.databinding.ActivityMainBinding
com.shirurexpress.app.MainActivity$AndroidBridge
com.shirurexpress.app.MainActivity$Companion
com.shirurexpress.app.MainActivity$setupBackPressHandler$1
com.shirurexpress.app.R$color
com.shirurexpress.app.MyFirebaseMessagingService$Companion
com.shirurexpress.app.databinding.ActivitySplashBinding
com.shirurexpress.app.IncomingOrderActivity
com.shirurexpress.app.SplashActivity$navigateToMainActivity$1
com.shirurexpress.app.R$id
com.shirurexpress.app.SplashActivity
com.shirurexpress.app.MyFirebaseMessagingService
com.shirurexpress.app.R$xml
com.shirurexpress.app.MainActivity$setupWebView$2
com.shirurexpress.app.R$drawable
com.shirurexpress.app.BuildConfig
com.shirurexpress.app.R
com.shirurexpress.app.R$layout
com.shirurexpress.app.MainActivity
com.shirurexpress.app.R$string
com.shirurexpress.app.MainActivity$setupWebView$2: com.shirurexpress.app.MainActivity this$0
com.shirurexpress.app.R$layout: int activity_splash
com.shirurexpress.app.databinding.ActivitySplashBinding: android.widget.TextView splashLoadingText
com.shirurexpress.app.R$color: int background_dark
com.shirurexpress.app.MainActivity: androidx.swiperefreshlayout.widget.SwipeRefreshLayout swipeRefresh
com.shirurexpress.app.databinding.ActivitySplashBinding: android.widget.ProgressBar splashProgress
com.shirurexpress.app.R$id: int btnDecline
com.shirurexpress.app.IncomingOrderActivity: android.os.Handler timeoutHandler
com.shirurexpress.app.R$string: int google_app_id
com.shirurexpress.app.R$id: int pickupText
com.shirurexpress.app.databinding.ActivityMainBinding: android.widget.LinearLayout errorView
com.shirurexpress.app.MainActivity: android.widget.ProgressBar progressBar
com.shirurexpress.app.SplashActivity: com.shirurexpress.app.SplashActivity$Companion Companion
com.shirurexpress.app.databinding.ActivityIncomingOrderBinding: android.widget.Button btnAccept
com.shirurexpress.app.BuildConfig: java.lang.String APPLICATION_ID
com.shirurexpress.app.R$id: int splashLoadingText
com.shirurexpress.app.databinding.ActivitySplashBinding: android.widget.TextView splashAppName
com.shirurexpress.app.databinding.ActivityMainBinding: android.webkit.WebView webView
com.shirurexpress.app.R$string: int google_storage_bucket
com.shirurexpress.app.R$string: int google_api_key
com.shirurexpress.app.IncomingOrderActivity: java.lang.Runnable timeoutRunnable
com.shirurexpress.app.databinding.ActivityIncomingOrderBinding: android.widget.TextView pickupText
com.shirurexpress.app.R$string: int google_crash_reporting_api_key
com.shirurexpress.app.R$id: int swipeRefresh
com.shirurexpress.app.R$string: int default_notification_channel_id
com.shirurexpress.app.BuildConfig: boolean DEBUG
com.shirurexpress.app.R$xml: int file_paths
com.shirurexpress.app.R$drawable: int splash_background
com.shirurexpress.app.databinding.ActivitySplashBinding: android.widget.ImageView splashLogo
com.shirurexpress.app.R$id: int splashProgress
com.shirurexpress.app.R$layout: int activity_incoming_order
com.shirurexpress.app.BuildConfig: int VERSION_CODE
com.shirurexpress.app.SplashActivity: android.widget.ProgressBar splashProgress
com.shirurexpress.app.R$color: int navigation_bar
com.shirurexpress.app.SplashActivity: android.widget.TextView splashAppName
com.shirurexpress.app.MainActivity$setupBackPressHandler$1: com.shirurexpress.app.MainActivity this$0
com.shirurexpress.app.R$id: int splashAppName
com.shirurexpress.app.databinding.ActivityIncomingOrderBinding: android.widget.TextView amountText
com.shirurexpress.app.MyFirebaseMessagingService: com.shirurexpress.app.MyFirebaseMessagingService$Companion Companion
com.shirurexpress.app.R$color: int black
...
com.google.android.material.textfield.TextInputLayout: int getBoxBackgroundMode()
androidx.activity.ComponentActivity: void addOnNewIntentListener(androidx.core.util.Consumer)
androidx.fragment.app.FragmentContainerView: FragmentContainerView(android.content.Context,android.util.AttributeSet)
com.google.android.gms.measurement.internal.AppMeasurementDynamiteService: void setUserId(java.lang.String,long)
androidx.core.graphics.drawable.DrawableCompat$Api21Impl: void applyTheme(android.graphics.drawable.Drawable,android.content.res.Resources$Theme)
com.google.android.material.chip.Chip: void setChipIcon(android.graphics.drawable.Drawable)
androidx.vectordrawable.graphics.drawable.VectorDrawableCompat$VFullPath: void setStrokeAlpha(float)
androidx.recyclerview.widget.RecyclerView: void setViewCacheExtension(androidx.recyclerview.widget.RecyclerView$ViewCacheExtension)
com.google.firebase.ktx.FirebaseCommonKtxRegistrar: FirebaseCommonKtxRegistrar()
androidx.appcompat.widget.SearchView: void setOnSearchClickListener(android.view.View$OnClickListener)
androidx.recyclerview.widget.RecyclerView: void setScrollingTouchSlop(int)
org.chromium.support_lib_boundary.TracingControllerBoundaryInterface: boolean isTracing()
org.chromium.support_lib_boundary.WebViewClientBoundaryInterface: void onSafeBrowsingHit(android.webkit.WebView,android.webkit.WebResourceRequest,int,java.lang.reflect.InvocationHandler)
com.google.android.material.snackbar.Snackbar$SnackbarLayout: void setBackgroundDrawable(android.graphics.drawable.Drawable)
androidx.appcompat.widget.ActionBarOverlayLayout: java.lang.CharSequence getTitle()
com.google.android.material.chip.Chip: void setCloseIconEnabledResource(int)
androidx.fragment.app.FragmentActivity: void supportFinishAfterTransition()
com.google.android.material.textfield.TextInputLayout: void setSuffixText(java.lang.CharSequence)
androidx.core.view.WindowInsetsCompat$BuilderImpl20: void setSystemWindowInsets(androidx.core.graphics.Insets)
androidx.core.view.WindowInsetsCompat$Impl29: androidx.core.view.WindowInsetsCompat inset(int,int,int,int)
androidx.core.view.ViewCompat$Api20Impl: android.view.WindowInsets onApplyWindowInsets(android.view.View,android.view.WindowInsets)
androidx.constraintlayout.core.widgets.ConstraintAnchor$Type: androidx.constraintlayout.core.widgets.ConstraintAnchor$Type valueOf(java.lang.String)
androidx.appcompat.widget.SearchView: int getSuggestionRowLayout()
androidx.core.view.WindowInsetsCompat$Impl20: androidx.core.graphics.Insets getInsetsForType(int,boolean)
androidx.appcompat.widget.AppCompatTextView: int getAutoSizeStepGranularity()
androidx.appcompat.widget.AppCompatTextView: void setSupportBackgroundTintMode(android.graphics.PorterDuff$Mode)
androidx.core.content.ContextCompat$Api24Impl: android.content.Context createDeviceProtectedStorageContext(android.content.Context)
androidx.appcompat.widget.SearchView: int getSuggestionCommitIconResId()
com.google.firebase.messaging.FirebaseMessagingService: void handleIntent(android.content.Intent)
androidx.core.widget.NestedScrollView: void setSmoothScrollingEnabled(boolean)
androidx.recyclerview.widget.RecyclerView: androidx.recyclerview.widget.RecyclerView$ItemAnimator getItemAnimator()
com.google.android.material.datepicker.MaterialCalendarGridView: MaterialCalendarGridView(android.content.Context,android.util.AttributeSet)
androidx.appcompat.widget.Toolbar: android.graphics.drawable.Drawable getCollapseIcon()
androidx.recyclerview.widget.RecyclerView: int getMinFlingVelocity()
androidx.core.widget.NestedScrollView: void setNestedScrollingEnabled(boolean)
androidx.appcompat.widget.AppCompatEditText: android.content.res.ColorStateList getSupportBackgroundTintList()
androidx.core.view.WindowInsetsCompat$BuilderImpl: androidx.core.view.WindowInsetsCompat build()
androidx.appcompat.app.AppCompatActivity: void onContentChanged()