android-app/app/build/outputs/mapping/release/mapping.txt
# compiler: R8
# compiler_version: 8.13.19
# min_api: 24
# common_typos_disable
# {"id":"com.android.tools.r8.mapping","version":"2.2"}
# pg_map_id: 0d43e18661a2215a543daa2ee53e8cb4b4f57244d6eb09e8448527a36d5846bc
# pg_map_hash: SHA-256 0d43e18661a2215a543daa2ee53e8cb4b4f57244d6eb09e8448527a36d5846bc
com.shirurexpress.app.BuildConfig -> com.shirurexpress.app.BuildConfig:
# {"id":"sourceFile","fileName":"BuildConfig.java"}
    1:4:void <init>():6:6 -> <init>
com.shirurexpress.app.IncomingOrderActivity -> com.shirurexpress.app.IncomingOrderActivity:
# {"id":"sourceFile","fileName":"IncomingOrderActivity.kt"}
    1:3:void <init>():19:19 -> <init>
    4:14:void <init>():22:22 -> <init>
    15:24:void <init>():23:23 -> <init>
    1:3:void acceptOrder(java.lang.String):96:96 -> acceptOrder
    4:10:void acceptOrder(java.lang.String):97:97 -> acceptOrder
    11:19:void acceptOrder(java.lang.String):100:100 -> acceptOrder
    20:22:void acceptOrder(java.lang.String):101:101 -> acceptOrder
    23:43:void acceptOrder(java.lang.String):103:103 -> acceptOrder
    44:46:void acceptOrder(java.lang.String):105:105 -> acceptOrder
    47:50:void acceptOrder(java.lang.String):106:106 -> acceptOrder
    1:3:void declineOrder():110:110 -> declineOrder
    4:10:void declineOrder():111:111 -> declineOrder
    11:14:void declineOrder():112:112 -> declineOrder
    1:4:void $r8$lambda$Kn6FB1E4I0APTLrj7hn25TArNs4(com.shirurexpress.app.IncomingOrderActivity,android.view.View):0:0 -> e
      # {"id":"com.android.tools.r8.synthesized"}
    1:4:void $r8$lambda$_KHZT6bzQlK5rXPNQVB94u2OF9Q(com.shirurexpress.app.IncomingOrderActivity):0:0 -> f
      # {"id":"com.android.tools.r8.synthesized"}
    1:4:void $r8$lambda$tPi3dIiyVkmqnEUssUYw_JDUQ5I(com.shirurexpress.app.IncomingOrderActivity,java.lang.String,android.view.View):0:0 -> g
      # {"id":"com.android.tools.r8.synthesized"}
    1:3:void onCreate(android.os.Bundle):26:26 -> onCreate
com.shirurexpress.app.IncomingOrderActivity$$ExternalSyntheticApiModelOutline1 -> com.shirurexpress.app.a:
# {"id":"sourceFile","fileName":"R8$$SyntheticClass"}
# {"id":"com.android.tools.r8.synthesized"}
    1:6:dalvik.system.DelegateLastClassLoader m(java.lang.ClassLoader,java.lang.String):0:0 -> a
      # {"id":"com.android.tools.r8.synthesized"}
    1:3:void m():0:0 -> b
      # {"id":"com.android.tools.r8.synthesized"}
    1:5:void m(com.shirurexpress.app.IncomingOrderActivity):0:0 -> c
      # {"id":"com.android.tools.r8.synthesized"}
    1:5:void m$1(com.shirurexpress.app.IncomingOrderActivity):0:0 -> d
      # {"id":"com.android.tools.r8.synthesized"}
com.shirurexpress.app.IncomingOrderActivity$$ExternalSyntheticLambda5 -> com.shirurexpress.app.b:
# {"id":"sourceFile","fileName":"R8$$SyntheticClass"}
# {"id":"com.android.tools.r8.synthesized"}
    com.shirurexpress.app.IncomingOrderActivity com.shirurexpress.app.IncomingOrderActivity$$InternalSyntheticLambda$1$c5a050dd74ac0fcb7f1de4b192c683458cc9ca1c064ad3d1da4f4d8d531d6dfc$3.f$0 -> i
      # {"id":"com.android.tools.r8.synthesized"}
    java.lang.String com.shirurexpress.app.IncomingOrderActivity$$InternalSyntheticLambda$1$c5a050dd74ac0fcb7f1de4b192c683458cc9ca1c064ad3d1da4f4d8d531d6dfc$3.f$1 -> j
      # {"id":"com.android.tools.r8.synthesized"}
    1:8:void <init>(com.shirurexpress.app.IncomingOrderActivity,java.lang.String):0:0 -> <init>
      # {"id":"com.android.tools.r8.synthesized"}
    1:8:void onClick(android.view.View):0:0 -> onClick
      # {"id":"com.android.tools.r8.synthesized"}
...
com.google.firebase.encoders.proto.AtProtobuf$ProtobufImpl -> u4.a:
# {"id":"sourceFile","fileName":"AtProtobuf.java"}
    int tag -> a
    1:3:void <init>(int,com.google.firebase.encoders.proto.Protobuf$IntEncoding):37:37 -> <init>
      # {"id":"com.android.tools.r8.residualsignature","signature":"(I)V"}
    4:6:void <init>(int,com.google.firebase.encoders.proto.Protobuf$IntEncoding):38:38 -> <init>
    1:3:java.lang.Class annotationType():44:44 -> annotationType
    4:8:boolean equals(java.lang.Object):60:60 -> equals
    9:10:boolean equals(java.lang.Object):61:61 -> equals
    11:12:boolean equals(java.lang.Object):63:63 -> equals
    13:14:int tag():49:49 -> equals
    13:14:boolean equals(java.lang.Object):63 -> equals
    15:20:boolean equals(java.lang.Object):63:63 -> equals
    21:30:boolean equals(java.lang.Object):64:64 -> equals
    4:8:int hashCode():69:69 -> hashCode
    9:18:int hashCode():70:70 -> hashCode
    1:7:java.lang.String toString():76:76 -> toString
    8:12:java.lang.String toString():78:78 -> toString
    13:24:java.lang.String toString():79:79 -> toString
    25:27:java.lang.String toString():80:80 -> toString
    28:32:java.lang.String toString():81:81 -> toString
com.google.firebase.encoders.proto.LengthCountingOutputStream -> u4.b:
# {"id":"sourceFile","fileName":"LengthCountingOutputStream.java"}
    long length -> i
    1:1:void write(int):26:26 -> write
    2:2:void write(byte[]):31:31 -> write
    3:3:void write(byte[],int,int):36:36 -> write
    4:4:void write(byte[],int,int):43:43 -> write
    5:5:void write(byte[],int,int):41:41 -> write
com.google.firebase.encoders.proto.ProtoEnum -> u4.c:
# {"id":"sourceFile","fileName":"ProtoEnum.java"}
    int getNumber() -> a
com.google.firebase.encoders.proto.Protobuf -> u4.e:
# {"id":"sourceFile","fileName":"Protobuf.java"}
com.google.firebase.encoders.proto.Protobuf$IntEncoding -> u4.d:
# {"id":"sourceFile","fileName":"Protobuf.java"}
    com.google.firebase.encoders.proto.Protobuf$IntEncoding DEFAULT -> i
      # {"id":"com.android.tools.r8.residualsignature","signature":"Lu4/d;"}
    com.google.firebase.encoders.proto.Protobuf$IntEncoding[] $VALUES -> j
      # {"id":"com.android.tools.r8.residualsignature","signature":"[Lu4/d;"}
    1:5:void <clinit>():32:32 -> <clinit>
    6:8:void <init>(java.lang.String,int):31:31 -> <clinit>
    6:8:void <clinit>():32 -> <clinit>
    9:10:void <clinit>():32:32 -> <clinit>
    11:15:void <clinit>():33:33 -> <clinit>
    16:18:void <init>(java.lang.String,int):31:31 -> <clinit>
    16:18:void <clinit>():33 -> <clinit>
    19:23:void <clinit>():34:34 -> <clinit>
    24:26:void <init>(java.lang.String,int):31:31 -> <clinit>
    24:26:void <clinit>():34 -> <clinit>
    27:33:void <clinit>():31:31 -> <clinit>
    1:9:com.google.firebase.encoders.proto.Protobuf$IntEncoding valueOf(java.lang.String):31:31 -> valueOf
      # {"id":"com.android.tools.r8.residualsignature","signature":"(Ljava/lang/String;)Lu4/d;"}
    1:9:com.google.firebase.encoders.proto.Protobuf$IntEncoding[] values():31:31 -> values
      # {"id":"com.android.tools.r8.residualsignature","signature":"()[Lu4/d;"}