android-app/app/build/outputs/mapping/release/usage.txt
com.shirurexpress.app.MainActivity$$InternalSyntheticLambda$1$06ae936b2f2948460b49aa0f8f9ad600debf816f2538bcca2759391580612329$0:
    public final void onRefresh()
...
com.google.common.hash.Fingerprint2011
com.google.common.hash.Funnel
com.google.common.hash.Funnels$ByteArrayFunnel
com.google.common.hash.Funnels$IntegerFunnel
com.google.common.hash.Funnels$LongFunnel
com.google.common.hash.Funnels$SequentialFunnel
com.google.common.hash.Funnels$SinkAsStream
com.google.common.hash.Funnels$StringCharsetFunnel$SerializedForm
com.google.common.hash.Funnels$StringCharsetFunnel
com.google.common.hash.Funnels$UnencodedCharsFunnel
com.google.common.hash.Funnels
com.google.common.hash.HashCode$BytesHashCode
com.google.common.hash.HashCode$IntHashCode
com.google.common.hash.HashCode$LongHashCode
com.google.common.hash.HashCode
com.google.common.hash.HashFunction
com.google.common.hash.Hasher
com.google.common.hash.Hashing$1
com.google.common.hash.Hashing$ChecksumType$1
com.google.common.hash.Hashing$ChecksumType$2
com.google.common.hash.Hashing$ChecksumType
com.google.common.hash.Hashing$ConcatenatedHashFunction
com.google.common.hash.Hashing$LinearCongruentialGenerator
com.google.common.hash.Hashing$Md5Holder
com.google.common.hash.Hashing$Sha1Holder
com.google.common.hash.Hashing$Sha256Holder
com.google.common.hash.Hashing$Sha384Holder
com.google.common.hash.Hashing$Sha512Holder
com.google.common.hash.Hashing
com.google.common.hash.HashingInputStream
com.google.common.hash.HashingOutputStream
com.google.common.hash.ImmutableSupplier
com.google.common.hash.Java8Compatibility
com.google.common.hash.LittleEndianByteArray$1
com.google.common.hash.LittleEndianByteArray$JavaLittleEndianBytes$1
com.google.common.hash.LittleEndianByteArray$JavaLittleEndianBytes
com.google.common.hash.LittleEndianByteArray$LittleEndianBytes
com.google.common.hash.LittleEndianByteArray$UnsafeByteArray$1
com.google.common.hash.LittleEndianByteArray$UnsafeByteArray$2
com.google.common.hash.LittleEndianByteArray$UnsafeByteArray$3
com.google.common.hash.LittleEndianByteArray$UnsafeByteArray
com.google.common.hash.LittleEndianByteArray
com.google.common.hash.LongAddable
com.google.common.hash.LongAddables$1
com.google.common.hash.LongAddables$2
com.google.common.hash.LongAddables$PureJavaLongAddable
com.google.common.hash.LongAddables
com.google.common.hash.LongAdder
com.google.common.hash.MacHashFunction$1
com.google.common.hash.MacHashFunction$MacHasher
com.google.common.hash.MacHashFunction
com.google.common.hash.MessageDigestHashFunction$1
com.google.common.hash.MessageDigestHashFunction$MessageDigestHasher
com.google.common.hash.MessageDigestHashFunction$SerializedForm
com.google.common.hash.MessageDigestHashFunction
com.google.common.hash.Murmur3_128HashFunction$Murmur3_128Hasher
com.google.common.hash.Murmur3_128HashFunction
com.google.common.hash.Murmur3_32HashFunction$Murmur3_32Hasher
com.google.common.hash.Murmur3_32HashFunction
com.google.common.hash.ParametricNullness
com.google.common.hash.PrimitiveSink
com.google.common.hash.SipHashFunction$SipHasher
com.google.common.hash.SipHashFunction
com.google.common.hash.Striped64$1
com.google.common.hash.Striped64$Cell
com.google.common.hash.Striped64
com.google.common.hash.package-info
com.google.common.html.ElementTypesAreNonnullByDefault
com.google.common.html.HtmlEscapers
com.google.common.html.ParametricNullness
com.google.common.html.package-info
com.google.common.io.AppendableWriter
com.google.common.io.BaseEncoding$1
com.google.common.io.BaseEncoding$2
com.google.common.io.BaseEncoding$3
com.google.common.io.BaseEncoding$4
com.google.common.io.BaseEncoding$5
com.google.common.io.BaseEncoding$Alphabet
com.google.common.io.BaseEncoding$Base16Encoding
com.google.common.io.BaseEncoding$Base64Encoding
com.google.common.io.BaseEncoding$DecodingException
com.google.common.io.BaseEncoding$SeparatedBaseEncoding
com.google.common.io.BaseEncoding$StandardBaseEncoding$1
com.google.common.io.BaseEncoding$StandardBaseEncoding$2
com.google.common.io.BaseEncoding$StandardBaseEncoding
com.google.common.io.BaseEncoding
com.google.common.io.ByteArrayDataInput